<?xml version="1.0" encoding="UTF-8"?>
<!-- Generated by org.testng.reporters.JUnitXMLReporter -->
<testsuite hostname="kiranReddy-PC" ignored="0" name="BankingApp Test" tests="2" failures="0" timestamp="31 Jan 2019 11:48:17 GMT" time="66.787" errors="0">
  <testcase name="loginTest" time="14.305" classname="com.inetbanking.testCases.TC_LoginTest_001"/>
  <testcase name="addNewCustomer" time="24.168" classname="com.inetbanking.testCases.TC_AddCustomerTest_003"/>
</testsuite> <!-- BankingApp Test -->
